
--- 2026-03-31T18:56:14.192Z ---
[C][B]--- PEDIDO: COCINA ---[/B][/C]
[C][L]Mesa: 1[/L][/C]
-------------------------------
Hora: 14:47

[L]3 x Producto Demo[/L]
-------------------------------
[CUT]


--- 2026-03-31T18:56:18.207Z ---
[C][B]--- PEDIDO: COCINA ---[/B][/C]
[C][L]Mesa: 1[/L][/C]
-------------------------------
Hora: 14:47

[L]3 x Producto Demo[/L]
-------------------------------
[CUT]


--- 2026-03-31T18:56:23.216Z ---
[C][B]--- PEDIDO: COCINA ---[/B][/C]
[C][L]Mesa: 1[/L][/C]
-------------------------------
Hora: 14:47

[L]3 x Producto Demo[/L]
-------------------------------
[CUT]


--- 2026-03-31T18:56:30.223Z ---
[C][B]--- PEDIDO: COCINA ---[/B][/C]
[C][L]Mesa: 1[/L][/C]
-------------------------------
Hora: 14:47

[L]3 x Producto Demo[/L]
-------------------------------
[CUT]

