
--- 2026-04-04T22:56:03.237Z ---
      TICKET DE VENTA      
        Mesa 1
---------------------------
Atendido: Carlos Gonzalez
Fecha: 2026-03-27T17:55
---------------------------
2x Coca              $50.00
1x Coca              $25.00
---------------------------
SUBTOTAL:            $75.00
TOTAL:               $75.00
---------------------------
  GRACIAS POR SU VISITA    





--- 2026-04-04T22:56:07.257Z ---
      TICKET DE VENTA      
        Mesa 1
---------------------------
Atendido: Carlos Gonzalez
Fecha: 2026-03-27T17:55
---------------------------
2x Coca              $50.00
1x Coca              $25.00
---------------------------
SUBTOTAL:            $75.00
TOTAL:               $75.00
---------------------------
  GRACIAS POR SU VISITA    





--- 2026-04-04T22:56:12.266Z ---
      TICKET DE VENTA      
        Mesa 1
---------------------------
Atendido: Carlos Gonzalez
Fecha: 2026-03-27T17:55
---------------------------
2x Coca              $50.00
1x Coca              $25.00
---------------------------
SUBTOTAL:            $75.00
TOTAL:               $75.00
---------------------------
  GRACIAS POR SU VISITA    





--- 2026-04-04T22:56:19.272Z ---
      TICKET DE VENTA      
        Mesa 1
---------------------------
Atendido: Carlos Gonzalez
Fecha: 2026-03-27T17:55
---------------------------
2x Coca              $50.00
1x Coca              $25.00
---------------------------
SUBTOTAL:            $75.00
TOTAL:               $75.00
---------------------------
  GRACIAS POR SU VISITA    





--- 2026-04-04T22:56:30.285Z ---
      TICKET DE VENTA      
        Mesa 1
---------------------------
Atendido: Carlos Gonzalez
Fecha: 2026-03-27T17:55
---------------------------
2x Coca              $50.00
1x Coca              $25.00
---------------------------
SUBTOTAL:            $75.00
TOTAL:               $75.00
---------------------------
  GRACIAS POR SU VISITA    





--- 2026-04-04T22:56:43.293Z ---
      TICKET DE VENTA      
        Mesa 1
---------------------------
Atendido: Carlos Gonzalez
Fecha: 2026-03-27T17:55
---------------------------
2x Coca              $50.00
1x Coca              $25.00
---------------------------
SUBTOTAL:            $75.00
TOTAL:               $75.00
---------------------------
  GRACIAS POR SU VISITA    





--- 2026-04-04T22:56:56.300Z ---
      TICKET DE VENTA      
        Mesa 1
---------------------------
Atendido: Carlos Gonzalez
Fecha: 2026-03-27T17:55
---------------------------
2x Coca              $50.00
1x Coca              $25.00
---------------------------
SUBTOTAL:            $75.00
TOTAL:               $75.00
---------------------------
  GRACIAS POR SU VISITA    





--- 2026-04-04T22:57:09.308Z ---
      TICKET DE VENTA      
        Mesa 1
---------------------------
Atendido: Carlos Gonzalez
Fecha: 2026-03-27T17:55
---------------------------
2x Coca              $50.00
1x Coca              $25.00
---------------------------
SUBTOTAL:            $75.00
TOTAL:               $75.00
---------------------------
  GRACIAS POR SU VISITA    





--- 2026-04-04T22:57:22.314Z ---
      TICKET DE VENTA      
        Mesa 1
---------------------------
Atendido: Carlos Gonzalez
Fecha: 2026-03-27T17:55
---------------------------
2x Coca              $50.00
1x Coca              $25.00
---------------------------
SUBTOTAL:            $75.00
TOTAL:               $75.00
---------------------------
  GRACIAS POR SU VISITA    





--- 2026-04-04T22:57:35.320Z ---
      TICKET DE VENTA      
        Mesa 1
---------------------------
Atendido: Carlos Gonzalez
Fecha: 2026-03-27T17:55
---------------------------
2x Coca              $50.00
1x Coca              $25.00
---------------------------
SUBTOTAL:            $75.00
TOTAL:               $75.00
---------------------------
  GRACIAS POR SU VISITA    





--- 2026-04-04T22:57:48.325Z ---
      TICKET DE VENTA      
        Mesa 1
---------------------------
Atendido: Carlos Gonzalez
Fecha: 2026-03-27T17:55
---------------------------
2x Coca              $50.00
1x Coca              $25.00
---------------------------
SUBTOTAL:            $75.00
TOTAL:               $75.00
---------------------------
  GRACIAS POR SU VISITA    





--- 2026-04-04T22:58:01.329Z ---
      TICKET DE VENTA      
        Mesa 1
---------------------------
Atendido: Carlos Gonzalez
Fecha: 2026-03-27T17:55
---------------------------
2x Coca              $50.00
1x Coca              $25.00
---------------------------
SUBTOTAL:            $75.00
TOTAL:               $75.00
---------------------------
  GRACIAS POR SU VISITA    





--- 2026-04-04T22:58:14.334Z ---
      TICKET DE VENTA      
        Mesa 1
---------------------------
Atendido: Carlos Gonzalez
Fecha: 2026-03-27T17:55
---------------------------
2x Coca              $50.00
1x Coca              $25.00
---------------------------
SUBTOTAL:            $75.00
TOTAL:               $75.00
---------------------------
  GRACIAS POR SU VISITA    





--- 2026-04-04T22:58:27.339Z ---
      TICKET DE VENTA      
        Mesa 1
---------------------------
Atendido: Carlos Gonzalez
Fecha: 2026-03-27T17:55
---------------------------
2x Coca              $50.00
1x Coca              $25.00
---------------------------
SUBTOTAL:            $75.00
TOTAL:               $75.00
---------------------------
  GRACIAS POR SU VISITA    





--- 2026-04-04T22:58:40.343Z ---
      TICKET DE VENTA      
        Mesa 1
---------------------------
Atendido: Carlos Gonzalez
Fecha: 2026-03-27T17:55
---------------------------
2x Coca              $50.00
1x Coca              $25.00
---------------------------
SUBTOTAL:            $75.00
TOTAL:               $75.00
---------------------------
  GRACIAS POR SU VISITA    





--- 2026-04-04T22:58:53.349Z ---
      TICKET DE VENTA      
        Mesa 1
---------------------------
Atendido: Carlos Gonzalez
Fecha: 2026-03-27T17:55
---------------------------
2x Coca              $50.00
1x Coca              $25.00
---------------------------
SUBTOTAL:            $75.00
TOTAL:               $75.00
---------------------------
  GRACIAS POR SU VISITA    





--- 2026-04-04T22:59:06.354Z ---
      TICKET DE VENTA      
        Mesa 1
---------------------------
Atendido: Carlos Gonzalez
Fecha: 2026-03-27T17:55
---------------------------
2x Coca              $50.00
1x Coca              $25.00
---------------------------
SUBTOTAL:            $75.00
TOTAL:               $75.00
---------------------------
  GRACIAS POR SU VISITA    





--- 2026-04-04T22:59:19.359Z ---
      TICKET DE VENTA      
        Mesa 1
---------------------------
Atendido: Carlos Gonzalez
Fecha: 2026-03-27T17:55
---------------------------
2x Coca              $50.00
1x Coca              $25.00
---------------------------
SUBTOTAL:            $75.00
TOTAL:               $75.00
---------------------------
  GRACIAS POR SU VISITA    





--- 2026-04-04T22:59:32.371Z ---
      TICKET DE VENTA      
        Mesa 1
---------------------------
Atendido: Carlos Gonzalez
Fecha: 2026-03-27T17:55
---------------------------
2x Coca              $50.00
1x Coca              $25.00
---------------------------
SUBTOTAL:            $75.00
TOTAL:               $75.00
---------------------------
  GRACIAS POR SU VISITA    





--- 2026-04-04T22:59:45.381Z ---
      TICKET DE VENTA      
        Mesa 1
---------------------------
Atendido: Carlos Gonzalez
Fecha: 2026-03-27T17:55
---------------------------
2x Coca              $50.00
1x Coca              $25.00
---------------------------
SUBTOTAL:            $75.00
TOTAL:               $75.00
---------------------------
  GRACIAS POR SU VISITA    





--- 2026-04-04T22:59:58.388Z ---
      TICKET DE VENTA      
        Mesa 1
---------------------------
Atendido: Carlos Gonzalez
Fecha: 2026-03-27T17:55
---------------------------
2x Coca              $50.00
1x Coca              $25.00
---------------------------
SUBTOTAL:            $75.00
TOTAL:               $75.00
---------------------------
  GRACIAS POR SU VISITA    





--- 2026-04-04T23:00:11.396Z ---
      TICKET DE VENTA      
        Mesa 1
---------------------------
Atendido: Carlos Gonzalez
Fecha: 2026-03-27T17:55
---------------------------
2x Coca              $50.00
1x Coca              $25.00
---------------------------
SUBTOTAL:            $75.00
TOTAL:               $75.00
---------------------------
  GRACIAS POR SU VISITA    





--- 2026-04-04T23:00:24.402Z ---
      TICKET DE VENTA      
        Mesa 1
---------------------------
Atendido: Carlos Gonzalez
Fecha: 2026-03-27T17:55
---------------------------
2x Coca              $50.00
1x Coca              $25.00
---------------------------
SUBTOTAL:            $75.00
TOTAL:               $75.00
---------------------------
  GRACIAS POR SU VISITA    





--- 2026-04-04T23:00:37.408Z ---
      TICKET DE VENTA      
        Mesa 1
---------------------------
Atendido: Carlos Gonzalez
Fecha: 2026-03-27T17:55
---------------------------
2x Coca              $50.00
1x Coca              $25.00
---------------------------
SUBTOTAL:            $75.00
TOTAL:               $75.00
---------------------------
  GRACIAS POR SU VISITA    





--- 2026-04-04T23:00:50.413Z ---
      TICKET DE VENTA      
        Mesa 1
---------------------------
Atendido: Carlos Gonzalez
Fecha: 2026-03-27T17:55
---------------------------
2x Coca              $50.00
1x Coca              $25.00
---------------------------
SUBTOTAL:            $75.00
TOTAL:               $75.00
---------------------------
  GRACIAS POR SU VISITA    





--- 2026-04-04T23:01:03.416Z ---
      TICKET DE VENTA      
        Mesa 1
---------------------------
Atendido: Carlos Gonzalez
Fecha: 2026-03-27T17:55
---------------------------
2x Coca              $50.00
1x Coca              $25.00
---------------------------
SUBTOTAL:            $75.00
TOTAL:               $75.00
---------------------------
  GRACIAS POR SU VISITA    





--- 2026-04-04T23:01:16.427Z ---
      TICKET DE VENTA      
        Mesa 1
---------------------------
Atendido: Carlos Gonzalez
Fecha: 2026-03-27T17:55
---------------------------
2x Coca              $50.00
1x Coca              $25.00
---------------------------
SUBTOTAL:            $75.00
TOTAL:               $75.00
---------------------------
  GRACIAS POR SU VISITA    





--- 2026-04-04T23:01:29.434Z ---
      TICKET DE VENTA      
        Mesa 1
---------------------------
Atendido: Carlos Gonzalez
Fecha: 2026-03-27T17:55
---------------------------
2x Coca              $50.00
1x Coca              $25.00
---------------------------
SUBTOTAL:            $75.00
TOTAL:               $75.00
---------------------------
  GRACIAS POR SU VISITA    





--- 2026-04-04T23:01:42.440Z ---
      TICKET DE VENTA      
        Mesa 1
---------------------------
Atendido: Carlos Gonzalez
Fecha: 2026-03-27T17:55
---------------------------
2x Coca              $50.00
1x Coca              $25.00
---------------------------
SUBTOTAL:            $75.00
TOTAL:               $75.00
---------------------------
  GRACIAS POR SU VISITA    





--- 2026-04-04T23:01:55.446Z ---
      TICKET DE VENTA      
        Mesa 1
---------------------------
Atendido: Carlos Gonzalez
Fecha: 2026-03-27T17:55
---------------------------
2x Coca              $50.00
1x Coca              $25.00
---------------------------
SUBTOTAL:            $75.00
TOTAL:               $75.00
---------------------------
  GRACIAS POR SU VISITA    





--- 2026-04-04T23:02:08.451Z ---
      TICKET DE VENTA      
        Mesa 1
---------------------------
Atendido: Carlos Gonzalez
Fecha: 2026-03-27T17:55
---------------------------
2x Coca              $50.00
1x Coca              $25.00
---------------------------
SUBTOTAL:            $75.00
TOTAL:               $75.00
---------------------------
  GRACIAS POR SU VISITA    





--- 2026-04-04T23:02:21.456Z ---
      TICKET DE VENTA      
        Mesa 1
---------------------------
Atendido: Carlos Gonzalez
Fecha: 2026-03-27T17:55
---------------------------
2x Coca              $50.00
1x Coca              $25.00
---------------------------
SUBTOTAL:            $75.00
TOTAL:               $75.00
---------------------------
  GRACIAS POR SU VISITA    





--- 2026-04-04T23:02:34.460Z ---
      TICKET DE VENTA      
        Mesa 1
---------------------------
Atendido: Carlos Gonzalez
Fecha: 2026-03-27T17:55
---------------------------
2x Coca              $50.00
1x Coca              $25.00
---------------------------
SUBTOTAL:            $75.00
TOTAL:               $75.00
---------------------------
  GRACIAS POR SU VISITA    





--- 2026-04-04T23:02:47.463Z ---
      TICKET DE VENTA      
        Mesa 1
---------------------------
Atendido: Carlos Gonzalez
Fecha: 2026-03-27T17:55
---------------------------
2x Coca              $50.00
1x Coca              $25.00
---------------------------
SUBTOTAL:            $75.00
TOTAL:               $75.00
---------------------------
  GRACIAS POR SU VISITA    





--- 2026-04-04T23:03:00.475Z ---
      TICKET DE VENTA      
        Mesa 1
---------------------------
Atendido: Carlos Gonzalez
Fecha: 2026-03-27T17:55
---------------------------
2x Coca              $50.00
1x Coca              $25.00
---------------------------
SUBTOTAL:            $75.00
TOTAL:               $75.00
---------------------------
  GRACIAS POR SU VISITA    





--- 2026-04-04T23:03:13.484Z ---
      TICKET DE VENTA      
        Mesa 1
---------------------------
Atendido: Carlos Gonzalez
Fecha: 2026-03-27T17:55
---------------------------
2x Coca              $50.00
1x Coca              $25.00
---------------------------
SUBTOTAL:            $75.00
TOTAL:               $75.00
---------------------------
  GRACIAS POR SU VISITA    





--- 2026-04-04T23:03:26.497Z ---
      TICKET DE VENTA      
        Mesa 1
---------------------------
Atendido: Carlos Gonzalez
Fecha: 2026-03-27T17:55
---------------------------
2x Coca              $50.00
1x Coca              $25.00
---------------------------
SUBTOTAL:            $75.00
TOTAL:               $75.00
---------------------------
  GRACIAS POR SU VISITA    





--- 2026-04-04T23:03:39.503Z ---
      TICKET DE VENTA      
        Mesa 1
---------------------------
Atendido: Carlos Gonzalez
Fecha: 2026-03-27T17:55
---------------------------
2x Coca              $50.00
1x Coca              $25.00
---------------------------
SUBTOTAL:            $75.00
TOTAL:               $75.00
---------------------------
  GRACIAS POR SU VISITA    





--- 2026-04-04T23:03:52.518Z ---
      TICKET DE VENTA      
        Mesa 1
---------------------------
Atendido: Carlos Gonzalez
Fecha: 2026-03-27T17:55
---------------------------
2x Coca              $50.00
1x Coca              $25.00
---------------------------
SUBTOTAL:            $75.00
TOTAL:               $75.00
---------------------------
  GRACIAS POR SU VISITA    





--- 2026-04-04T23:04:05.525Z ---
      TICKET DE VENTA      
        Mesa 1
---------------------------
Atendido: Carlos Gonzalez
Fecha: 2026-03-27T17:55
---------------------------
2x Coca              $50.00
1x Coca              $25.00
---------------------------
SUBTOTAL:            $75.00
TOTAL:               $75.00
---------------------------
  GRACIAS POR SU VISITA    





--- 2026-04-04T23:04:18.538Z ---
      TICKET DE VENTA      
        Mesa 1
---------------------------
Atendido: Carlos Gonzalez
Fecha: 2026-03-27T17:55
---------------------------
2x Coca              $50.00
1x Coca              $25.00
---------------------------
SUBTOTAL:            $75.00
TOTAL:               $75.00
---------------------------
  GRACIAS POR SU VISITA    





--- 2026-04-04T23:04:31.552Z ---
      TICKET DE VENTA      
        Mesa 1
---------------------------
Atendido: Carlos Gonzalez
Fecha: 2026-03-27T17:55
---------------------------
2x Coca              $50.00
1x Coca              $25.00
---------------------------
SUBTOTAL:            $75.00
TOTAL:               $75.00
---------------------------
  GRACIAS POR SU VISITA    





--- 2026-04-04T23:04:44.561Z ---
      TICKET DE VENTA      
        Mesa 1
---------------------------
Atendido: Carlos Gonzalez
Fecha: 2026-03-27T17:55
---------------------------
2x Coca              $50.00
1x Coca              $25.00
---------------------------
SUBTOTAL:            $75.00
TOTAL:               $75.00
---------------------------
  GRACIAS POR SU VISITA    





--- 2026-04-04T23:04:57.576Z ---
      TICKET DE VENTA      
        Mesa 1
---------------------------
Atendido: Carlos Gonzalez
Fecha: 2026-03-27T17:55
---------------------------
2x Coca              $50.00
1x Coca              $25.00
---------------------------
SUBTOTAL:            $75.00
TOTAL:               $75.00
---------------------------
  GRACIAS POR SU VISITA    





--- 2026-04-04T23:05:10.581Z ---
      TICKET DE VENTA      
        Mesa 1
---------------------------
Atendido: Carlos Gonzalez
Fecha: 2026-03-27T17:55
---------------------------
2x Coca              $50.00
1x Coca              $25.00
---------------------------
SUBTOTAL:            $75.00
TOTAL:               $75.00
---------------------------
  GRACIAS POR SU VISITA    





--- 2026-04-04T23:05:23.592Z ---
      TICKET DE VENTA      
        Mesa 1
---------------------------
Atendido: Carlos Gonzalez
Fecha: 2026-03-27T17:55
---------------------------
2x Coca              $50.00
1x Coca              $25.00
---------------------------
SUBTOTAL:            $75.00
TOTAL:               $75.00
---------------------------
  GRACIAS POR SU VISITA    





--- 2026-04-04T23:05:36.601Z ---
      TICKET DE VENTA      
        Mesa 1
---------------------------
Atendido: Carlos Gonzalez
Fecha: 2026-03-27T17:55
---------------------------
2x Coca              $50.00
1x Coca              $25.00
---------------------------
SUBTOTAL:            $75.00
TOTAL:               $75.00
---------------------------
  GRACIAS POR SU VISITA    





--- 2026-04-04T23:05:49.613Z ---
      TICKET DE VENTA      
        Mesa 1
---------------------------
Atendido: Carlos Gonzalez
Fecha: 2026-03-27T17:55
---------------------------
2x Coca              $50.00
1x Coca              $25.00
---------------------------
SUBTOTAL:            $75.00
TOTAL:               $75.00
---------------------------
  GRACIAS POR SU VISITA    





--- 2026-04-04T23:06:02.627Z ---
      TICKET DE VENTA      
        Mesa 1
---------------------------
Atendido: Carlos Gonzalez
Fecha: 2026-03-27T17:55
---------------------------
2x Coca              $50.00
1x Coca              $25.00
---------------------------
SUBTOTAL:            $75.00
TOTAL:               $75.00
---------------------------
  GRACIAS POR SU VISITA    





--- 2026-04-04T23:06:15.631Z ---
      TICKET DE VENTA      
        Mesa 1
---------------------------
Atendido: Carlos Gonzalez
Fecha: 2026-03-27T17:55
---------------------------
2x Coca              $50.00
1x Coca              $25.00
---------------------------
SUBTOTAL:            $75.00
TOTAL:               $75.00
---------------------------
  GRACIAS POR SU VISITA    





--- 2026-04-04T23:06:28.635Z ---
      TICKET DE VENTA      
        Mesa 1
---------------------------
Atendido: Carlos Gonzalez
Fecha: 2026-03-27T17:55
---------------------------
2x Coca              $50.00
1x Coca              $25.00
---------------------------
SUBTOTAL:            $75.00
TOTAL:               $75.00
---------------------------
  GRACIAS POR SU VISITA    





--- 2026-04-04T23:06:41.645Z ---
      TICKET DE VENTA      
        Mesa 1
---------------------------
Atendido: Carlos Gonzalez
Fecha: 2026-03-27T17:55
---------------------------
2x Coca              $50.00
1x Coca              $25.00
---------------------------
SUBTOTAL:            $75.00
TOTAL:               $75.00
---------------------------
  GRACIAS POR SU VISITA    





--- 2026-04-04T23:06:54.656Z ---
      TICKET DE VENTA      
        Mesa 1
---------------------------
Atendido: Carlos Gonzalez
Fecha: 2026-03-27T17:55
---------------------------
2x Coca              $50.00
1x Coca              $25.00
---------------------------
SUBTOTAL:            $75.00
TOTAL:               $75.00
---------------------------
  GRACIAS POR SU VISITA    





--- 2026-04-04T23:07:07.662Z ---
      TICKET DE VENTA      
        Mesa 1
---------------------------
Atendido: Carlos Gonzalez
Fecha: 2026-03-27T17:55
---------------------------
2x Coca              $50.00
1x Coca              $25.00
---------------------------
SUBTOTAL:            $75.00
TOTAL:               $75.00
---------------------------
  GRACIAS POR SU VISITA    





--- 2026-04-04T23:07:20.670Z ---
      TICKET DE VENTA      
        Mesa 1
---------------------------
Atendido: Carlos Gonzalez
Fecha: 2026-03-27T17:55
---------------------------
2x Coca              $50.00
1x Coca              $25.00
---------------------------
SUBTOTAL:            $75.00
TOTAL:               $75.00
---------------------------
  GRACIAS POR SU VISITA    





--- 2026-04-04T23:07:33.674Z ---
      TICKET DE VENTA      
        Mesa 1
---------------------------
Atendido: Carlos Gonzalez
Fecha: 2026-03-27T17:55
---------------------------
2x Coca              $50.00
1x Coca              $25.00
---------------------------
SUBTOTAL:            $75.00
TOTAL:               $75.00
---------------------------
  GRACIAS POR SU VISITA    





--- 2026-04-04T23:07:46.680Z ---
      TICKET DE VENTA      
        Mesa 1
---------------------------
Atendido: Carlos Gonzalez
Fecha: 2026-03-27T17:55
---------------------------
2x Coca              $50.00
1x Coca              $25.00
---------------------------
SUBTOTAL:            $75.00
TOTAL:               $75.00
---------------------------
  GRACIAS POR SU VISITA    





--- 2026-04-04T23:07:59.686Z ---
      TICKET DE VENTA      
        Mesa 1
---------------------------
Atendido: Carlos Gonzalez
Fecha: 2026-03-27T17:55
---------------------------
2x Coca              $50.00
1x Coca              $25.00
---------------------------
SUBTOTAL:            $75.00
TOTAL:               $75.00
---------------------------
  GRACIAS POR SU VISITA    





--- 2026-04-04T23:08:12.689Z ---
      TICKET DE VENTA      
        Mesa 1
---------------------------
Atendido: Carlos Gonzalez
Fecha: 2026-03-27T17:55
---------------------------
2x Coca              $50.00
1x Coca              $25.00
---------------------------
SUBTOTAL:            $75.00
TOTAL:               $75.00
---------------------------
  GRACIAS POR SU VISITA    





--- 2026-04-04T23:08:25.701Z ---
      TICKET DE VENTA      
        Mesa 1
---------------------------
Atendido: Carlos Gonzalez
Fecha: 2026-03-27T17:55
---------------------------
2x Coca              $50.00
1x Coca              $25.00
---------------------------
SUBTOTAL:            $75.00
TOTAL:               $75.00
---------------------------
  GRACIAS POR SU VISITA    





--- 2026-04-04T23:08:38.710Z ---
      TICKET DE VENTA      
        Mesa 1
---------------------------
Atendido: Carlos Gonzalez
Fecha: 2026-03-27T17:55
---------------------------
2x Coca              $50.00
1x Coca              $25.00
---------------------------
SUBTOTAL:            $75.00
TOTAL:               $75.00
---------------------------
  GRACIAS POR SU VISITA    





--- 2026-04-04T23:08:51.719Z ---
      TICKET DE VENTA      
        Mesa 1
---------------------------
Atendido: Carlos Gonzalez
Fecha: 2026-03-27T17:55
---------------------------
2x Coca              $50.00
1x Coca              $25.00
---------------------------
SUBTOTAL:            $75.00
TOTAL:               $75.00
---------------------------
  GRACIAS POR SU VISITA    





--- 2026-04-04T23:09:04.725Z ---
      TICKET DE VENTA      
        Mesa 1
---------------------------
Atendido: Carlos Gonzalez
Fecha: 2026-03-27T17:55
---------------------------
2x Coca              $50.00
1x Coca              $25.00
---------------------------
SUBTOTAL:            $75.00
TOTAL:               $75.00
---------------------------
  GRACIAS POR SU VISITA    





--- 2026-04-04T23:09:17.730Z ---
      TICKET DE VENTA      
        Mesa 1
---------------------------
Atendido: Carlos Gonzalez
Fecha: 2026-03-27T17:55
---------------------------
2x Coca              $50.00
1x Coca              $25.00
---------------------------
SUBTOTAL:            $75.00
TOTAL:               $75.00
---------------------------
  GRACIAS POR SU VISITA    





--- 2026-04-04T23:09:30.737Z ---
      TICKET DE VENTA      
        Mesa 1
---------------------------
Atendido: Carlos Gonzalez
Fecha: 2026-03-27T17:55
---------------------------
2x Coca              $50.00
1x Coca              $25.00
---------------------------
SUBTOTAL:            $75.00
TOTAL:               $75.00
---------------------------
  GRACIAS POR SU VISITA    





--- 2026-04-04T23:09:43.742Z ---
      TICKET DE VENTA      
        Mesa 1
---------------------------
Atendido: Carlos Gonzalez
Fecha: 2026-03-27T17:55
---------------------------
2x Coca              $50.00
1x Coca              $25.00
---------------------------
SUBTOTAL:            $75.00
TOTAL:               $75.00
---------------------------
  GRACIAS POR SU VISITA    





--- 2026-04-04T23:09:56.754Z ---
      TICKET DE VENTA      
        Mesa 1
---------------------------
Atendido: Carlos Gonzalez
Fecha: 2026-03-27T17:55
---------------------------
2x Coca              $50.00
1x Coca              $25.00
---------------------------
SUBTOTAL:            $75.00
TOTAL:               $75.00
---------------------------
  GRACIAS POR SU VISITA    





--- 2026-04-04T23:10:09.764Z ---
      TICKET DE VENTA      
        Mesa 1
---------------------------
Atendido: Carlos Gonzalez
Fecha: 2026-03-27T17:55
---------------------------
2x Coca              $50.00
1x Coca              $25.00
---------------------------
SUBTOTAL:            $75.00
TOTAL:               $75.00
---------------------------
  GRACIAS POR SU VISITA    





--- 2026-04-04T23:10:22.771Z ---
      TICKET DE VENTA      
        Mesa 1
---------------------------
Atendido: Carlos Gonzalez
Fecha: 2026-03-27T17:55
---------------------------
2x Coca              $50.00
1x Coca              $25.00
---------------------------
SUBTOTAL:            $75.00
TOTAL:               $75.00
---------------------------
  GRACIAS POR SU VISITA    





--- 2026-04-04T23:10:35.778Z ---
      TICKET DE VENTA      
        Mesa 1
---------------------------
Atendido: Carlos Gonzalez
Fecha: 2026-03-27T17:55
---------------------------
2x Coca              $50.00
1x Coca              $25.00
---------------------------
SUBTOTAL:            $75.00
TOTAL:               $75.00
---------------------------
  GRACIAS POR SU VISITA    





--- 2026-04-04T23:10:48.783Z ---
      TICKET DE VENTA      
        Mesa 1
---------------------------
Atendido: Carlos Gonzalez
Fecha: 2026-03-27T17:55
---------------------------
2x Coca              $50.00
1x Coca              $25.00
---------------------------
SUBTOTAL:            $75.00
TOTAL:               $75.00
---------------------------
  GRACIAS POR SU VISITA    





--- 2026-04-04T23:11:01.791Z ---
      TICKET DE VENTA      
        Mesa 1
---------------------------
Atendido: Carlos Gonzalez
Fecha: 2026-03-27T17:55
---------------------------
2x Coca              $50.00
1x Coca              $25.00
---------------------------
SUBTOTAL:            $75.00
TOTAL:               $75.00
---------------------------
  GRACIAS POR SU VISITA    





--- 2026-04-04T23:11:14.796Z ---
      TICKET DE VENTA      
        Mesa 1
---------------------------
Atendido: Carlos Gonzalez
Fecha: 2026-03-27T17:55
---------------------------
2x Coca              $50.00
1x Coca              $25.00
---------------------------
SUBTOTAL:            $75.00
TOTAL:               $75.00
---------------------------
  GRACIAS POR SU VISITA    





--- 2026-04-04T23:11:27.801Z ---
      TICKET DE VENTA      
        Mesa 1
---------------------------
Atendido: Carlos Gonzalez
Fecha: 2026-03-27T17:55
---------------------------
2x Coca              $50.00
1x Coca              $25.00
---------------------------
SUBTOTAL:            $75.00
TOTAL:               $75.00
---------------------------
  GRACIAS POR SU VISITA    





--- 2026-04-04T23:11:40.813Z ---
      TICKET DE VENTA      
        Mesa 1
---------------------------
Atendido: Carlos Gonzalez
Fecha: 2026-03-27T17:55
---------------------------
2x Coca              $50.00
1x Coca              $25.00
---------------------------
SUBTOTAL:            $75.00
TOTAL:               $75.00
---------------------------
  GRACIAS POR SU VISITA    





--- 2026-04-04T23:11:53.822Z ---
      TICKET DE VENTA      
        Mesa 1
---------------------------
Atendido: Carlos Gonzalez
Fecha: 2026-03-27T17:55
---------------------------
2x Coca              $50.00
1x Coca              $25.00
---------------------------
SUBTOTAL:            $75.00
TOTAL:               $75.00
---------------------------
  GRACIAS POR SU VISITA    





--- 2026-04-04T23:12:06.829Z ---
      TICKET DE VENTA      
        Mesa 1
---------------------------
Atendido: Carlos Gonzalez
Fecha: 2026-03-27T17:55
---------------------------
2x Coca              $50.00
1x Coca              $25.00
---------------------------
SUBTOTAL:            $75.00
TOTAL:               $75.00
---------------------------
  GRACIAS POR SU VISITA    





--- 2026-04-04T23:12:19.836Z ---
      TICKET DE VENTA      
        Mesa 1
---------------------------
Atendido: Carlos Gonzalez
Fecha: 2026-03-27T17:55
---------------------------
2x Coca              $50.00
1x Coca              $25.00
---------------------------
SUBTOTAL:            $75.00
TOTAL:               $75.00
---------------------------
  GRACIAS POR SU VISITA    





--- 2026-04-04T23:12:32.840Z ---
      TICKET DE VENTA      
        Mesa 1
---------------------------
Atendido: Carlos Gonzalez
Fecha: 2026-03-27T17:55
---------------------------
2x Coca              $50.00
1x Coca              $25.00
---------------------------
SUBTOTAL:            $75.00
TOTAL:               $75.00
---------------------------
  GRACIAS POR SU VISITA    





--- 2026-04-04T23:12:45.846Z ---
      TICKET DE VENTA      
        Mesa 1
---------------------------
Atendido: Carlos Gonzalez
Fecha: 2026-03-27T17:55
---------------------------
2x Coca              $50.00
1x Coca              $25.00
---------------------------
SUBTOTAL:            $75.00
TOTAL:               $75.00
---------------------------
  GRACIAS POR SU VISITA    





--- 2026-04-04T23:12:58.849Z ---
      TICKET DE VENTA      
        Mesa 1
---------------------------
Atendido: Carlos Gonzalez
Fecha: 2026-03-27T17:55
---------------------------
2x Coca              $50.00
1x Coca              $25.00
---------------------------
SUBTOTAL:            $75.00
TOTAL:               $75.00
---------------------------
  GRACIAS POR SU VISITA    





--- 2026-04-04T23:13:11.852Z ---
      TICKET DE VENTA      
        Mesa 1
---------------------------
Atendido: Carlos Gonzalez
Fecha: 2026-03-27T17:55
---------------------------
2x Coca              $50.00
1x Coca              $25.00
---------------------------
SUBTOTAL:            $75.00
TOTAL:               $75.00
---------------------------
  GRACIAS POR SU VISITA    





--- 2026-04-04T23:13:24.863Z ---
      TICKET DE VENTA      
        Mesa 1
---------------------------
Atendido: Carlos Gonzalez
Fecha: 2026-03-27T17:55
---------------------------
2x Coca              $50.00
1x Coca              $25.00
---------------------------
SUBTOTAL:            $75.00
TOTAL:               $75.00
---------------------------
  GRACIAS POR SU VISITA    





--- 2026-04-04T23:13:37.871Z ---
      TICKET DE VENTA      
        Mesa 1
---------------------------
Atendido: Carlos Gonzalez
Fecha: 2026-03-27T17:55
---------------------------
2x Coca              $50.00
1x Coca              $25.00
---------------------------
SUBTOTAL:            $75.00
TOTAL:               $75.00
---------------------------
  GRACIAS POR SU VISITA    





--- 2026-04-04T23:13:50.877Z ---
      TICKET DE VENTA      
        Mesa 1
---------------------------
Atendido: Carlos Gonzalez
Fecha: 2026-03-27T17:55
---------------------------
2x Coca              $50.00
1x Coca              $25.00
---------------------------
SUBTOTAL:            $75.00
TOTAL:               $75.00
---------------------------
  GRACIAS POR SU VISITA    





--- 2026-04-04T23:14:03.881Z ---
      TICKET DE VENTA      
        Mesa 1
---------------------------
Atendido: Carlos Gonzalez
Fecha: 2026-03-27T17:55
---------------------------
2x Coca              $50.00
1x Coca              $25.00
---------------------------
SUBTOTAL:            $75.00
TOTAL:               $75.00
---------------------------
  GRACIAS POR SU VISITA    





--- 2026-04-04T23:14:16.886Z ---
      TICKET DE VENTA      
        Mesa 1
---------------------------
Atendido: Carlos Gonzalez
Fecha: 2026-03-27T17:55
---------------------------
2x Coca              $50.00
1x Coca              $25.00
---------------------------
SUBTOTAL:            $75.00
TOTAL:               $75.00
---------------------------
  GRACIAS POR SU VISITA    





--- 2026-04-04T23:15:06.004Z ---
      TICKET DE VENTA      
        Mesa 1
---------------------------
Atendido: Carlos Gonzalez
Fecha: 2026-03-27T17:55
---------------------------
2x Coca              $50.00
1x Coca              $25.00
---------------------------
SUBTOTAL:            $75.00
TOTAL:               $75.00
---------------------------
  GRACIAS POR SU VISITA    





--- 2026-04-04T23:15:10.022Z ---
      TICKET DE VENTA      
        Mesa 1
---------------------------
Atendido: Carlos Gonzalez
Fecha: 2026-03-27T17:55
---------------------------
2x Coca              $50.00
1x Coca              $25.00
---------------------------
SUBTOTAL:            $75.00
TOTAL:               $75.00
---------------------------
  GRACIAS POR SU VISITA    





--- 2026-04-04T23:15:15.029Z ---
      TICKET DE VENTA      
        Mesa 1
---------------------------
Atendido: Carlos Gonzalez
Fecha: 2026-03-27T17:55
---------------------------
2x Coca              $50.00
1x Coca              $25.00
---------------------------
SUBTOTAL:            $75.00
TOTAL:               $75.00
---------------------------
  GRACIAS POR SU VISITA    





--- 2026-04-04T23:15:22.035Z ---
      TICKET DE VENTA      
        Mesa 1
---------------------------
Atendido: Carlos Gonzalez
Fecha: 2026-03-27T17:55
---------------------------
2x Coca              $50.00
1x Coca              $25.00
---------------------------
SUBTOTAL:            $75.00
TOTAL:               $75.00
---------------------------
  GRACIAS POR SU VISITA    





--- 2026-04-04T23:15:33.041Z ---
      TICKET DE VENTA      
        Mesa 1
---------------------------
Atendido: Carlos Gonzalez
Fecha: 2026-03-27T17:55
---------------------------
2x Coca              $50.00
1x Coca              $25.00
---------------------------
SUBTOTAL:            $75.00
TOTAL:               $75.00
---------------------------
  GRACIAS POR SU VISITA    





--- 2026-04-04T23:15:46.049Z ---
      TICKET DE VENTA      
        Mesa 1
---------------------------
Atendido: Carlos Gonzalez
Fecha: 2026-03-27T17:55
---------------------------
2x Coca              $50.00
1x Coca              $25.00
---------------------------
SUBTOTAL:            $75.00
TOTAL:               $75.00
---------------------------
  GRACIAS POR SU VISITA    





--- 2026-04-04T23:15:59.055Z ---
      TICKET DE VENTA      
        Mesa 1
---------------------------
Atendido: Carlos Gonzalez
Fecha: 2026-03-27T17:55
---------------------------
2x Coca              $50.00
1x Coca              $25.00
---------------------------
SUBTOTAL:            $75.00
TOTAL:               $75.00
---------------------------
  GRACIAS POR SU VISITA    





--- 2026-04-04T23:16:12.061Z ---
      TICKET DE VENTA      
        Mesa 1
---------------------------
Atendido: Carlos Gonzalez
Fecha: 2026-03-27T17:55
---------------------------
2x Coca              $50.00
1x Coca              $25.00
---------------------------
SUBTOTAL:            $75.00
TOTAL:               $75.00
---------------------------
  GRACIAS POR SU VISITA    





--- 2026-04-04T23:16:25.067Z ---
      TICKET DE VENTA      
        Mesa 1
---------------------------
Atendido: Carlos Gonzalez
Fecha: 2026-03-27T17:55
---------------------------
2x Coca              $50.00
1x Coca              $25.00
---------------------------
SUBTOTAL:            $75.00
TOTAL:               $75.00
---------------------------
  GRACIAS POR SU VISITA    





--- 2026-04-04T23:16:38.074Z ---
      TICKET DE VENTA      
        Mesa 1
---------------------------
Atendido: Carlos Gonzalez
Fecha: 2026-03-27T17:55
---------------------------
2x Coca              $50.00
1x Coca              $25.00
---------------------------
SUBTOTAL:            $75.00
TOTAL:               $75.00
---------------------------
  GRACIAS POR SU VISITA    





--- 2026-04-04T23:16:51.671Z ---
      TICKET DE VENTA      
        Mesa 1
---------------------------
Atendido: Carlos Gonzalez
Fecha: 2026-03-27T17:55
---------------------------
2x Coca              $50.00
1x Coca              $25.00
---------------------------
SUBTOTAL:            $75.00
TOTAL:               $75.00
---------------------------
  GRACIAS POR SU VISITA    





--- 2026-04-04T23:17:04.674Z ---
      TICKET DE VENTA      
        Mesa 1
---------------------------
Atendido: Carlos Gonzalez
Fecha: 2026-03-27T17:55
---------------------------
2x Coca              $50.00
1x Coca              $25.00
---------------------------
SUBTOTAL:            $75.00
TOTAL:               $75.00
---------------------------
  GRACIAS POR SU VISITA    





--- 2026-04-04T23:17:17.685Z ---
      TICKET DE VENTA      
        Mesa 1
---------------------------
Atendido: Carlos Gonzalez
Fecha: 2026-03-27T17:55
---------------------------
2x Coca              $50.00
1x Coca              $25.00
---------------------------
SUBTOTAL:            $75.00
TOTAL:               $75.00
---------------------------
  GRACIAS POR SU VISITA    





--- 2026-04-04T23:17:30.695Z ---
      TICKET DE VENTA      
        Mesa 1
---------------------------
Atendido: Carlos Gonzalez
Fecha: 2026-03-27T17:55
---------------------------
2x Coca              $50.00
1x Coca              $25.00
---------------------------
SUBTOTAL:            $75.00
TOTAL:               $75.00
---------------------------
  GRACIAS POR SU VISITA    





--- 2026-04-04T23:17:43.701Z ---
      TICKET DE VENTA      
        Mesa 1
---------------------------
Atendido: Carlos Gonzalez
Fecha: 2026-03-27T17:55
---------------------------
2x Coca              $50.00
1x Coca              $25.00
---------------------------
SUBTOTAL:            $75.00
TOTAL:               $75.00
---------------------------
  GRACIAS POR SU VISITA    





--- 2026-04-04T23:17:56.709Z ---
      TICKET DE VENTA      
        Mesa 1
---------------------------
Atendido: Carlos Gonzalez
Fecha: 2026-03-27T17:55
---------------------------
2x Coca              $50.00
1x Coca              $25.00
---------------------------
SUBTOTAL:            $75.00
TOTAL:               $75.00
---------------------------
  GRACIAS POR SU VISITA    





--- 2026-04-04T23:18:09.714Z ---
      TICKET DE VENTA      
        Mesa 1
---------------------------
Atendido: Carlos Gonzalez
Fecha: 2026-03-27T17:55
---------------------------
2x Coca              $50.00
1x Coca              $25.00
---------------------------
SUBTOTAL:            $75.00
TOTAL:               $75.00
---------------------------
  GRACIAS POR SU VISITA    





--- 2026-04-04T23:18:22.720Z ---
      TICKET DE VENTA      
        Mesa 1
---------------------------
Atendido: Carlos Gonzalez
Fecha: 2026-03-27T17:55
---------------------------
2x Coca              $50.00
1x Coca              $25.00
---------------------------
SUBTOTAL:            $75.00
TOTAL:               $75.00
---------------------------
  GRACIAS POR SU VISITA    





--- 2026-04-04T23:18:35.735Z ---
      TICKET DE VENTA      
        Mesa 1
---------------------------
Atendido: Carlos Gonzalez
Fecha: 2026-03-27T17:55
---------------------------
2x Coca              $50.00
1x Coca              $25.00
---------------------------
SUBTOTAL:            $75.00
TOTAL:               $75.00
---------------------------
  GRACIAS POR SU VISITA    





--- 2026-04-04T23:18:48.749Z ---
      TICKET DE VENTA      
        Mesa 1
---------------------------
Atendido: Carlos Gonzalez
Fecha: 2026-03-27T17:55
---------------------------
2x Coca              $50.00
1x Coca              $25.00
---------------------------
SUBTOTAL:            $75.00
TOTAL:               $75.00
---------------------------
  GRACIAS POR SU VISITA    





--- 2026-04-04T23:19:01.762Z ---
      TICKET DE VENTA      
        Mesa 1
---------------------------
Atendido: Carlos Gonzalez
Fecha: 2026-03-27T17:55
---------------------------
2x Coca              $50.00
1x Coca              $25.00
---------------------------
SUBTOTAL:            $75.00
TOTAL:               $75.00
---------------------------
  GRACIAS POR SU VISITA    





--- 2026-04-04T23:19:14.772Z ---
      TICKET DE VENTA      
        Mesa 1
---------------------------
Atendido: Carlos Gonzalez
Fecha: 2026-03-27T17:55
---------------------------
2x Coca              $50.00
1x Coca              $25.00
---------------------------
SUBTOTAL:            $75.00
TOTAL:               $75.00
---------------------------
  GRACIAS POR SU VISITA    





--- 2026-04-04T23:19:27.783Z ---
      TICKET DE VENTA      
        Mesa 1
---------------------------
Atendido: Carlos Gonzalez
Fecha: 2026-03-27T17:55
---------------------------
2x Coca              $50.00
1x Coca              $25.00
---------------------------
SUBTOTAL:            $75.00
TOTAL:               $75.00
---------------------------
  GRACIAS POR SU VISITA    





--- 2026-04-04T23:19:40.793Z ---
      TICKET DE VENTA      
        Mesa 1
---------------------------
Atendido: Carlos Gonzalez
Fecha: 2026-03-27T17:55
---------------------------
2x Coca              $50.00
1x Coca              $25.00
---------------------------
SUBTOTAL:            $75.00
TOTAL:               $75.00
---------------------------
  GRACIAS POR SU VISITA    





--- 2026-04-04T23:19:53.800Z ---
      TICKET DE VENTA      
        Mesa 1
---------------------------
Atendido: Carlos Gonzalez
Fecha: 2026-03-27T17:55
---------------------------
2x Coca              $50.00
1x Coca              $25.00
---------------------------
SUBTOTAL:            $75.00
TOTAL:               $75.00
---------------------------
  GRACIAS POR SU VISITA    





--- 2026-04-04T23:20:06.807Z ---
      TICKET DE VENTA      
        Mesa 1
---------------------------
Atendido: Carlos Gonzalez
Fecha: 2026-03-27T17:55
---------------------------
2x Coca              $50.00
1x Coca              $25.00
---------------------------
SUBTOTAL:            $75.00
TOTAL:               $75.00
---------------------------
  GRACIAS POR SU VISITA    





--- 2026-04-04T23:20:19.819Z ---
      TICKET DE VENTA      
        Mesa 1
---------------------------
Atendido: Carlos Gonzalez
Fecha: 2026-03-27T17:55
---------------------------
2x Coca              $50.00
1x Coca              $25.00
---------------------------
SUBTOTAL:            $75.00
TOTAL:               $75.00
---------------------------
  GRACIAS POR SU VISITA    





--- 2026-04-04T23:20:32.833Z ---
      TICKET DE VENTA      
        Mesa 1
---------------------------
Atendido: Carlos Gonzalez
Fecha: 2026-03-27T17:55
---------------------------
2x Coca              $50.00
1x Coca              $25.00
---------------------------
SUBTOTAL:            $75.00
TOTAL:               $75.00
---------------------------
  GRACIAS POR SU VISITA    





--- 2026-04-04T23:20:45.848Z ---
      TICKET DE VENTA      
        Mesa 1
---------------------------
Atendido: Carlos Gonzalez
Fecha: 2026-03-27T17:55
---------------------------
2x Coca              $50.00
1x Coca              $25.00
---------------------------
SUBTOTAL:            $75.00
TOTAL:               $75.00
---------------------------
  GRACIAS POR SU VISITA    





--- 2026-04-04T23:20:58.860Z ---
      TICKET DE VENTA      
        Mesa 1
---------------------------
Atendido: Carlos Gonzalez
Fecha: 2026-03-27T17:55
---------------------------
2x Coca              $50.00
1x Coca              $25.00
---------------------------
SUBTOTAL:            $75.00
TOTAL:               $75.00
---------------------------
  GRACIAS POR SU VISITA    





--- 2026-04-04T23:21:11.869Z ---
      TICKET DE VENTA      
        Mesa 1
---------------------------
Atendido: Carlos Gonzalez
Fecha: 2026-03-27T17:55
---------------------------
2x Coca              $50.00
1x Coca              $25.00
---------------------------
SUBTOTAL:            $75.00
TOTAL:               $75.00
---------------------------
  GRACIAS POR SU VISITA    





--- 2026-04-04T23:21:24.877Z ---
      TICKET DE VENTA      
        Mesa 1
---------------------------
Atendido: Carlos Gonzalez
Fecha: 2026-03-27T17:55
---------------------------
2x Coca              $50.00
1x Coca              $25.00
---------------------------
SUBTOTAL:            $75.00
TOTAL:               $75.00
---------------------------
  GRACIAS POR SU VISITA    





--- 2026-04-04T23:21:37.884Z ---
      TICKET DE VENTA      
        Mesa 1
---------------------------
Atendido: Carlos Gonzalez
Fecha: 2026-03-27T17:55
---------------------------
2x Coca              $50.00
1x Coca              $25.00
---------------------------
SUBTOTAL:            $75.00
TOTAL:               $75.00
---------------------------
  GRACIAS POR SU VISITA    





--- 2026-04-04T23:21:50.897Z ---
      TICKET DE VENTA      
        Mesa 1
---------------------------
Atendido: Carlos Gonzalez
Fecha: 2026-03-27T17:55
---------------------------
2x Coca              $50.00
1x Coca              $25.00
---------------------------
SUBTOTAL:            $75.00
TOTAL:               $75.00
---------------------------
  GRACIAS POR SU VISITA    





--- 2026-04-04T23:22:03.912Z ---
      TICKET DE VENTA      
        Mesa 1
---------------------------
Atendido: Carlos Gonzalez
Fecha: 2026-03-27T17:55
---------------------------
2x Coca              $50.00
1x Coca              $25.00
---------------------------
SUBTOTAL:            $75.00
TOTAL:               $75.00
---------------------------
  GRACIAS POR SU VISITA    





--- 2026-04-04T23:22:16.921Z ---
      TICKET DE VENTA      
        Mesa 1
---------------------------
Atendido: Carlos Gonzalez
Fecha: 2026-03-27T17:55
---------------------------
2x Coca              $50.00
1x Coca              $25.00
---------------------------
SUBTOTAL:            $75.00
TOTAL:               $75.00
---------------------------
  GRACIAS POR SU VISITA    





--- 2026-04-04T23:22:29.935Z ---
      TICKET DE VENTA      
        Mesa 1
---------------------------
Atendido: Carlos Gonzalez
Fecha: 2026-03-27T17:55
---------------------------
2x Coca              $50.00
1x Coca              $25.00
---------------------------
SUBTOTAL:            $75.00
TOTAL:               $75.00
---------------------------
  GRACIAS POR SU VISITA    





--- 2026-04-04T23:22:42.945Z ---
      TICKET DE VENTA      
        Mesa 1
---------------------------
Atendido: Carlos Gonzalez
Fecha: 2026-03-27T17:55
---------------------------
2x Coca              $50.00
1x Coca              $25.00
---------------------------
SUBTOTAL:            $75.00
TOTAL:               $75.00
---------------------------
  GRACIAS POR SU VISITA    





--- 2026-04-04T23:22:55.955Z ---
      TICKET DE VENTA      
        Mesa 1
---------------------------
Atendido: Carlos Gonzalez
Fecha: 2026-03-27T17:55
---------------------------
2x Coca              $50.00
1x Coca              $25.00
---------------------------
SUBTOTAL:            $75.00
TOTAL:               $75.00
---------------------------
  GRACIAS POR SU VISITA    





--- 2026-04-04T23:23:08.963Z ---
      TICKET DE VENTA      
        Mesa 1
---------------------------
Atendido: Carlos Gonzalez
Fecha: 2026-03-27T17:55
---------------------------
2x Coca              $50.00
1x Coca              $25.00
---------------------------
SUBTOTAL:            $75.00
TOTAL:               $75.00
---------------------------
  GRACIAS POR SU VISITA    





--- 2026-04-04T23:23:21.978Z ---
      TICKET DE VENTA      
        Mesa 1
---------------------------
Atendido: Carlos Gonzalez
Fecha: 2026-03-27T17:55
---------------------------
2x Coca              $50.00
1x Coca              $25.00
---------------------------
SUBTOTAL:            $75.00
TOTAL:               $75.00
---------------------------
  GRACIAS POR SU VISITA    





--- 2026-04-04T23:23:34.992Z ---
      TICKET DE VENTA      
        Mesa 1
---------------------------
Atendido: Carlos Gonzalez
Fecha: 2026-03-27T17:55
---------------------------
2x Coca              $50.00
1x Coca              $25.00
---------------------------
SUBTOTAL:            $75.00
TOTAL:               $75.00
---------------------------
  GRACIAS POR SU VISITA    





--- 2026-04-04T23:23:48.002Z ---
      TICKET DE VENTA      
        Mesa 1
---------------------------
Atendido: Carlos Gonzalez
Fecha: 2026-03-27T17:55
---------------------------
2x Coca              $50.00
1x Coca              $25.00
---------------------------
SUBTOTAL:            $75.00
TOTAL:               $75.00
---------------------------
  GRACIAS POR SU VISITA    





--- 2026-04-04T23:24:01.017Z ---
      TICKET DE VENTA      
        Mesa 1
---------------------------
Atendido: Carlos Gonzalez
Fecha: 2026-03-27T17:55
---------------------------
2x Coca              $50.00
1x Coca              $25.00
---------------------------
SUBTOTAL:            $75.00
TOTAL:               $75.00
---------------------------
  GRACIAS POR SU VISITA    





--- 2026-04-04T23:24:14.024Z ---
      TICKET DE VENTA      
        Mesa 1
---------------------------
Atendido: Carlos Gonzalez
Fecha: 2026-03-27T17:55
---------------------------
2x Coca              $50.00
1x Coca              $25.00
---------------------------
SUBTOTAL:            $75.00
TOTAL:               $75.00
---------------------------
  GRACIAS POR SU VISITA    





--- 2026-04-04T23:24:27.033Z ---
      TICKET DE VENTA      
        Mesa 1
---------------------------
Atendido: Carlos Gonzalez
Fecha: 2026-03-27T17:55
---------------------------
2x Coca              $50.00
1x Coca              $25.00
---------------------------
SUBTOTAL:            $75.00
TOTAL:               $75.00
---------------------------
  GRACIAS POR SU VISITA    





--- 2026-04-04T23:24:40.040Z ---
      TICKET DE VENTA      
        Mesa 1
---------------------------
Atendido: Carlos Gonzalez
Fecha: 2026-03-27T17:55
---------------------------
2x Coca              $50.00
1x Coca              $25.00
---------------------------
SUBTOTAL:            $75.00
TOTAL:               $75.00
---------------------------
  GRACIAS POR SU VISITA    





--- 2026-04-04T23:24:53.046Z ---
      TICKET DE VENTA      
        Mesa 1
---------------------------
Atendido: Carlos Gonzalez
Fecha: 2026-03-27T17:55
---------------------------
2x Coca              $50.00
1x Coca              $25.00
---------------------------
SUBTOTAL:            $75.00
TOTAL:               $75.00
---------------------------
  GRACIAS POR SU VISITA    





--- 2026-04-04T23:25:06.058Z ---
      TICKET DE VENTA      
        Mesa 1
---------------------------
Atendido: Carlos Gonzalez
Fecha: 2026-03-27T17:55
---------------------------
2x Coca              $50.00
1x Coca              $25.00
---------------------------
SUBTOTAL:            $75.00
TOTAL:               $75.00
---------------------------
  GRACIAS POR SU VISITA    





--- 2026-04-04T23:25:19.070Z ---
      TICKET DE VENTA      
        Mesa 1
---------------------------
Atendido: Carlos Gonzalez
Fecha: 2026-03-27T17:55
---------------------------
2x Coca              $50.00
1x Coca              $25.00
---------------------------
SUBTOTAL:            $75.00
TOTAL:               $75.00
---------------------------
  GRACIAS POR SU VISITA    





--- 2026-04-04T23:25:32.082Z ---
      TICKET DE VENTA      
        Mesa 1
---------------------------
Atendido: Carlos Gonzalez
Fecha: 2026-03-27T17:55
---------------------------
2x Coca              $50.00
1x Coca              $25.00
---------------------------
SUBTOTAL:            $75.00
TOTAL:               $75.00
---------------------------
  GRACIAS POR SU VISITA    





--- 2026-04-04T23:25:45.096Z ---
      TICKET DE VENTA      
        Mesa 1
---------------------------
Atendido: Carlos Gonzalez
Fecha: 2026-03-27T17:55
---------------------------
2x Coca              $50.00
1x Coca              $25.00
---------------------------
SUBTOTAL:            $75.00
TOTAL:               $75.00
---------------------------
  GRACIAS POR SU VISITA    





--- 2026-04-04T23:25:58.108Z ---
      TICKET DE VENTA      
        Mesa 1
---------------------------
Atendido: Carlos Gonzalez
Fecha: 2026-03-27T17:55
---------------------------
2x Coca              $50.00
1x Coca              $25.00
---------------------------
SUBTOTAL:            $75.00
TOTAL:               $75.00
---------------------------
  GRACIAS POR SU VISITA    





--- 2026-04-04T23:26:11.116Z ---
      TICKET DE VENTA      
        Mesa 1
---------------------------
Atendido: Carlos Gonzalez
Fecha: 2026-03-27T17:55
---------------------------
2x Coca              $50.00
1x Coca              $25.00
---------------------------
SUBTOTAL:            $75.00
TOTAL:               $75.00
---------------------------
  GRACIAS POR SU VISITA    





--- 2026-04-04T23:26:24.121Z ---
      TICKET DE VENTA      
        Mesa 1
---------------------------
Atendido: Carlos Gonzalez
Fecha: 2026-03-27T17:55
---------------------------
2x Coca              $50.00
1x Coca              $25.00
---------------------------
SUBTOTAL:            $75.00
TOTAL:               $75.00
---------------------------
  GRACIAS POR SU VISITA    





--- 2026-04-04T23:26:37.126Z ---
      TICKET DE VENTA      
        Mesa 1
---------------------------
Atendido: Carlos Gonzalez
Fecha: 2026-03-27T17:55
---------------------------
2x Coca              $50.00
1x Coca              $25.00
---------------------------
SUBTOTAL:            $75.00
TOTAL:               $75.00
---------------------------
  GRACIAS POR SU VISITA    





--- 2026-04-04T23:26:50.139Z ---
      TICKET DE VENTA      
        Mesa 1
---------------------------
Atendido: Carlos Gonzalez
Fecha: 2026-03-27T17:55
---------------------------
2x Coca              $50.00
1x Coca              $25.00
---------------------------
SUBTOTAL:            $75.00
TOTAL:               $75.00
---------------------------
  GRACIAS POR SU VISITA    





--- 2026-04-04T23:27:03.148Z ---
      TICKET DE VENTA      
        Mesa 1
---------------------------
Atendido: Carlos Gonzalez
Fecha: 2026-03-27T17:55
---------------------------
2x Coca              $50.00
1x Coca              $25.00
---------------------------
SUBTOTAL:            $75.00
TOTAL:               $75.00
---------------------------
  GRACIAS POR SU VISITA    





--- 2026-04-04T23:27:16.157Z ---
      TICKET DE VENTA      
        Mesa 1
---------------------------
Atendido: Carlos Gonzalez
Fecha: 2026-03-27T17:55
---------------------------
2x Coca              $50.00
1x Coca              $25.00
---------------------------
SUBTOTAL:            $75.00
TOTAL:               $75.00
---------------------------
  GRACIAS POR SU VISITA    





--- 2026-04-04T23:27:29.169Z ---
      TICKET DE VENTA      
        Mesa 1
---------------------------
Atendido: Carlos Gonzalez
Fecha: 2026-03-27T17:55
---------------------------
2x Coca              $50.00
1x Coca              $25.00
---------------------------
SUBTOTAL:            $75.00
TOTAL:               $75.00
---------------------------
  GRACIAS POR SU VISITA    





--- 2026-04-04T23:27:42.173Z ---
      TICKET DE VENTA      
        Mesa 1
---------------------------
Atendido: Carlos Gonzalez
Fecha: 2026-03-27T17:55
---------------------------
2x Coca              $50.00
1x Coca              $25.00
---------------------------
SUBTOTAL:            $75.00
TOTAL:               $75.00
---------------------------
  GRACIAS POR SU VISITA    





--- 2026-04-04T23:27:55.179Z ---
      TICKET DE VENTA      
        Mesa 1
---------------------------
Atendido: Carlos Gonzalez
Fecha: 2026-03-27T17:55
---------------------------
2x Coca              $50.00
1x Coca              $25.00
---------------------------
SUBTOTAL:            $75.00
TOTAL:               $75.00
---------------------------
  GRACIAS POR SU VISITA    





--- 2026-04-04T23:28:08.183Z ---
      TICKET DE VENTA      
        Mesa 1
---------------------------
Atendido: Carlos Gonzalez
Fecha: 2026-03-27T17:55
---------------------------
2x Coca              $50.00
1x Coca              $25.00
---------------------------
SUBTOTAL:            $75.00
TOTAL:               $75.00
---------------------------
  GRACIAS POR SU VISITA    





--- 2026-04-04T23:28:21.197Z ---
      TICKET DE VENTA      
        Mesa 1
---------------------------
Atendido: Carlos Gonzalez
Fecha: 2026-03-27T17:55
---------------------------
2x Coca              $50.00
1x Coca              $25.00
---------------------------
SUBTOTAL:            $75.00
TOTAL:               $75.00
---------------------------
  GRACIAS POR SU VISITA    





--- 2026-04-04T23:28:34.209Z ---
      TICKET DE VENTA      
        Mesa 1
---------------------------
Atendido: Carlos Gonzalez
Fecha: 2026-03-27T17:55
---------------------------
2x Coca              $50.00
1x Coca              $25.00
---------------------------
SUBTOTAL:            $75.00
TOTAL:               $75.00
---------------------------
  GRACIAS POR SU VISITA    





--- 2026-04-04T23:28:47.219Z ---
      TICKET DE VENTA      
        Mesa 1
---------------------------
Atendido: Carlos Gonzalez
Fecha: 2026-03-27T17:55
---------------------------
2x Coca              $50.00
1x Coca              $25.00
---------------------------
SUBTOTAL:            $75.00
TOTAL:               $75.00
---------------------------
  GRACIAS POR SU VISITA    





--- 2026-04-04T23:29:00.225Z ---
      TICKET DE VENTA      
        Mesa 1
---------------------------
Atendido: Carlos Gonzalez
Fecha: 2026-03-27T17:55
---------------------------
2x Coca              $50.00
1x Coca              $25.00
---------------------------
SUBTOTAL:            $75.00
TOTAL:               $75.00
---------------------------
  GRACIAS POR SU VISITA    





--- 2026-04-04T23:29:13.231Z ---
      TICKET DE VENTA      
        Mesa 1
---------------------------
Atendido: Carlos Gonzalez
Fecha: 2026-03-27T17:55
---------------------------
2x Coca              $50.00
1x Coca              $25.00
---------------------------
SUBTOTAL:            $75.00
TOTAL:               $75.00
---------------------------
  GRACIAS POR SU VISITA    





--- 2026-04-04T23:29:26.238Z ---
      TICKET DE VENTA      
        Mesa 1
---------------------------
Atendido: Carlos Gonzalez
Fecha: 2026-03-27T17:55
---------------------------
2x Coca              $50.00
1x Coca              $25.00
---------------------------
SUBTOTAL:            $75.00
TOTAL:               $75.00
---------------------------
  GRACIAS POR SU VISITA    





--- 2026-04-04T23:29:39.244Z ---
      TICKET DE VENTA      
        Mesa 1
---------------------------
Atendido: Carlos Gonzalez
Fecha: 2026-03-27T17:55
---------------------------
2x Coca              $50.00
1x Coca              $25.00
---------------------------
SUBTOTAL:            $75.00
TOTAL:               $75.00
---------------------------
  GRACIAS POR SU VISITA    





--- 2026-04-04T23:29:52.249Z ---
      TICKET DE VENTA      
        Mesa 1
---------------------------
Atendido: Carlos Gonzalez
Fecha: 2026-03-27T17:55
---------------------------
2x Coca              $50.00
1x Coca              $25.00
---------------------------
SUBTOTAL:            $75.00
TOTAL:               $75.00
---------------------------
  GRACIAS POR SU VISITA    




