
--- 2026-04-04T22:57:27.589Z ---
[C]========================================[/C]
[C][B]BIRRIA LAS TAPATIAS[/B][/C]
[C]========================================[/C]
Folio: A-00181     Fecha: 2026-04-04
Mesa: ROJO          Hora: 22:57
Mesero: Carlos Gonzalez
----------------------------------------
Cant.  Producto          P.Unit    Total
----------------------------------------
1      B RAMEN C          $125.00 $125.00
1      BIRRIA G SURTID    $110.00 $110.00
1      QUESA BIRRIA S     $60.00  $60.00
1      TACO DORADO C/Q    $40.00  $40.00
1      TACO COSTILLA      $28.00  $28.00
1      CORONA CLASICA     $80.00  $80.00
1      SANDIA COQUETA     $80.00  $80.00
1      CLASICO BARRIO     $90.00  $90.00
1      CLASICO BARRIO     $120.00 $120.00
3      TACO COSTILLA      $28.00  $84.00
2      CONSOME            $28.00  $56.00
1      TACO SURTIDA       $28.00  $28.00
1      FLOR DE BARRIO     $120.00 $120.00
1      COLADA BARRIO      $120.00 $120.00
1      VERDE FINO         $130.00 $130.00
1      COLADA BARRIO      $120.00 $120.00
1      TAPATIA            $130.00 $130.00
1      VIC CLASICA 1/2    $80.00  $80.00
----------------------------------------
SUBTOTAL:                       $1601.00
[B]TOTAL:                          $1601.00[/B]
----------------------------------------
Método de Pago: EFECTIVO
----------------------------------------
[C]¡Gracias por su preferencia![/C]
[C]========================================[/C]


[CUT]


--- 2026-04-04T22:57:43.753Z ---
[C]****************************************[/C]
[C][L]ORDEN DE COCINA[/L][/C]
MESA: AZUL            FOLIO: #182
HORA: 22:57
[C]****************************************[/C]

[L][ 1 ] EJEMPLO[/L]

----------------------------------------
Mesero: Alan
[C]****************************************[/C]
[CUT]


--- 2026-04-04T22:57:49.585Z ---
[C]========================================[/C]
[C][B]BIRRIA LAS TAPATIAS[/B][/C]
[C]========================================[/C]
Folio: A-00182     Fecha: 2026-04-04
Mesa: AZUL          Hora: 22:57
Mesero: Alan
----------------------------------------
Cant.  Producto          P.Unit    Total
----------------------------------------
1      ejemplo             $0.00   $0.00
----------------------------------------
SUBTOTAL:                          $0.00
[B]TOTAL:                             $0.00[/B]
----------------------------------------
Método de Pago: EFECTIVO
----------------------------------------
[C]¡Gracias por su preferencia![/C]
[C]========================================[/C]


[CUT]


--- 2026-04-04T22:58:03.436Z ---
[C]========================================[/C]
[C][B]BIRRIA LAS TAPATIAS[/B][/C]
[C]========================================[/C]
Folio: A-00181     Fecha: 2026-04-04
Mesa: ROJO          Hora: 22:57
Mesero: Carlos Gonzalez
----------------------------------------
Cant.  Producto          P.Unit    Total
----------------------------------------
1      B RAMEN C          $125.00 $125.00
1      BIRRIA G SURTID    $110.00 $110.00
1      QUESA BIRRIA S     $60.00  $60.00
1      TACO DORADO C/Q    $40.00  $40.00
1      TACO COSTILLA      $28.00  $28.00
1      CORONA CLASICA     $80.00  $80.00
1      SANDIA COQUETA     $80.00  $80.00
1      CLASICO BARRIO     $90.00  $90.00
1      CLASICO BARRIO     $120.00 $120.00
3      TACO COSTILLA      $28.00  $84.00
2      CONSOME            $28.00  $56.00
1      TACO SURTIDA       $28.00  $28.00
1      FLOR DE BARRIO     $120.00 $120.00
1      COLADA BARRIO      $120.00 $120.00
1      VERDE FINO         $130.00 $130.00
1      COLADA BARRIO      $120.00 $120.00
1      TAPATIA            $130.00 $130.00
1      VIC CLASICA 1/2    $80.00  $80.00
----------------------------------------
SUBTOTAL:                       $1601.00
[B]TOTAL:                          $1601.00[/B]
----------------------------------------
Método de Pago: EFECTIVO
----------------------------------------
[C]¡Gracias por su preferencia![/C]
[C]========================================[/C]


[CUT]


--- 2026-04-04T22:58:03.614Z ---
[C]****************************************[/C]
[C][L]ORDEN DE COCINA[/L][/C]
MESA: AZUL            FOLIO: #182
HORA: 22:57
[C]****************************************[/C]

[L][ 1 ] EJEMPLO[/L]

----------------------------------------
Mesero: Alan
[C]****************************************[/C]
[CUT]


--- 2026-04-04T22:58:03.792Z ---
[C]========================================[/C]
[C][B]BIRRIA LAS TAPATIAS[/B][/C]
[C]========================================[/C]
Folio: A-00182     Fecha: 2026-04-04
Mesa: AZUL          Hora: 22:57
Mesero: Alan
----------------------------------------
Cant.  Producto          P.Unit    Total
----------------------------------------
1      ejemplo             $0.00   $0.00
----------------------------------------
SUBTOTAL:                          $0.00
[B]TOTAL:                             $0.00[/B]
----------------------------------------
Método de Pago: EFECTIVO
----------------------------------------
[C]¡Gracias por su preferencia![/C]
[C]========================================[/C]


[CUT]


--- 2026-04-04T22:58:37.236Z ---
[C]****************************************[/C]
[C][L]ORDEN DE COCINA[/L][/C]
MESA: ROJO            FOLIO: #183
HORA: 22:58
[C]****************************************[/C]

[L][ 1 ] EJEMPLO[/L]

----------------------------------------
Mesero: Alan
[C]****************************************[/C]
[CUT]


--- 2026-04-04T22:58:41.148Z ---
[C]========================================[/C]
[C][B]BIRRIA LAS TAPATIAS[/B][/C]
[C]========================================[/C]
Folio: A-00183     Fecha: 2026-04-04
Mesa: ROJO          Hora: 22:58
Mesero: Alan
----------------------------------------
Cant.  Producto          P.Unit    Total
----------------------------------------
1      ejemplo             $0.00   $0.00
----------------------------------------
SUBTOTAL:                          $0.00
[B]TOTAL:                             $0.00[/B]
----------------------------------------
Método de Pago: EFECTIVO
----------------------------------------
[C]¡Gracias por su preferencia![/C]
[C]========================================[/C]


[CUT]


--- 2026-04-04T22:59:03.443Z ---
[C]****************************************[/C]
[C][L]ORDEN DE COCINA[/L][/C]
MESA: ROJO            FOLIO: #183
HORA: 22:58
[C]****************************************[/C]

[L][ 1 ] EJEMPLO[/L]

----------------------------------------
Mesero: Alan
[C]****************************************[/C]
[CUT]


--- 2026-04-04T22:59:03.615Z ---
[C]========================================[/C]
[C][B]BIRRIA LAS TAPATIAS[/B][/C]
[C]========================================[/C]
Folio: A-00183     Fecha: 2026-04-04
Mesa: ROJO          Hora: 22:58
Mesero: Alan
----------------------------------------
Cant.  Producto          P.Unit    Total
----------------------------------------
1      ejemplo             $0.00   $0.00
----------------------------------------
SUBTOTAL:                          $0.00
[B]TOTAL:                             $0.00[/B]
----------------------------------------
Método de Pago: EFECTIVO
----------------------------------------
[C]¡Gracias por su preferencia![/C]
[C]========================================[/C]


[CUT]


--- 2026-04-04T23:06:26.422Z ---
[C]****************************************[/C]
[C][L]ORDEN DE COCINA[/L][/C]
MESA: AZUL            FOLIO: #184
HORA: 23:06
[C]****************************************[/C]

[L][ 1 ] EJEMPLO[/L]

----------------------------------------
Mesero: Alan
[C]****************************************[/C]
[CUT]


--- 2026-04-04T23:06:30.314Z ---
[C]========================================[/C]
[C][B]BIRRIA LAS TAPATIAS[/B][/C]
[C]========================================[/C]
Folio: A-00184     Fecha: 2026-04-04
Mesa: AZUL          Hora: 23:06
Mesero: Alan
----------------------------------------
Cant.  Producto          P.Unit    Total
----------------------------------------
1      ejemplo             $0.00   $0.00
----------------------------------------
SUBTOTAL:                          $0.00
[B]TOTAL:                             $0.00[/B]
----------------------------------------
Método de Pago: EFECTIVO
----------------------------------------
[C]¡Gracias por su preferencia![/C]
[C]========================================[/C]


[CUT]


--- 2026-04-04T23:07:11.981Z ---
[C]****************************************[/C]
[C][L]ORDEN DE COCINA[/L][/C]
MESA: AZUL            FOLIO: #184
HORA: 23:06
[C]****************************************[/C]

[L][ 1 ] EJEMPLO[/L]

----------------------------------------
Mesero: Alan
[C]****************************************[/C]
[CUT]


--- 2026-04-04T23:07:12.164Z ---
[C]========================================[/C]
[C][B]BIRRIA LAS TAPATIAS[/B][/C]
[C]========================================[/C]
Folio: A-00184     Fecha: 2026-04-04
Mesa: AZUL          Hora: 23:06
Mesero: Alan
----------------------------------------
Cant.  Producto          P.Unit    Total
----------------------------------------
1      ejemplo             $0.00   $0.00
----------------------------------------
SUBTOTAL:                          $0.00
[B]TOTAL:                             $0.00[/B]
----------------------------------------
Método de Pago: EFECTIVO
----------------------------------------
[C]¡Gracias por su preferencia![/C]
[C]========================================[/C]


[CUT]


--- 2026-04-04T23:15:20.962Z ---
[C]****************************************[/C]
[C][L]ORDEN DE COCINA[/L][/C]
MESA: ROJO            FOLIO: #185
HORA: 23:15
[C]****************************************[/C]

[L][ 1 ] EJEMPLO[/L]

----------------------------------------
Mesero: Alan
[C]****************************************[/C]
[CUT]


--- 2026-04-04T23:15:24.364Z ---
[C][L]LOGO[/L][/C]
[C]========================================[/C]
[C][B]BIRRIA LAS TAPATIAS[/B][/C]
[C]Ignacio Rayón s/n, Capula, 54608 Tepotzotlán, Méx.[/C]
[C]========================================[/C]
Folio: A-00185     Fecha: 2026-04-04
Mesa: ROJO          Hora: 23:15
Mesero: Alan
----------------------------------------
Cant.  Producto          P.Unit    Total
----------------------------------------
1      ejemplo             $0.00   $0.00
----------------------------------------
SUBTOTAL:                          $0.00
[B]TOTAL:                             $0.00[/B]
----------------------------------------
Método de Pago: EFECTIVO
----------------------------------------
[C][B]EL SABER QUE NOS UNE[/B][/C]
[C]¡Gracias por su preferencia![/C]
[C]========================================[/C]


[CUT]


--- 2026-04-04T23:17:35.163Z ---
[C]****************************************[/C]
[C][L]ORDEN DE COCINA[/L][/C]
MESA: AZUL            FOLIO: #186
HORA: 23:17
[C]****************************************[/C]

[L][ 1 ] EJEMPLO[/L]

----------------------------------------
Mesero: Alan
[C]****************************************[/C]
[CUT]


--- 2026-04-04T23:17:39.636Z ---
[C][L]LOGO[/L][/C]
[C]========================================[/C]
[C][B]BIRRIA LAS TAPATIAS[/B][/C]
[C]Ignacio Rayón s/n, Capula, 54608 Tepotzotlán, Méx.[/C]
[C]========================================[/C]
Folio: A-00186     Fecha: 2026-04-04
Mesa: AZUL          Hora: 23:17
Mesero: Alan
----------------------------------------
Cant.  Producto          P.Unit    Total
----------------------------------------
1      ejemplo             $0.00   $0.00
----------------------------------------
SUBTOTAL:                          $0.00
[B]TOTAL:                             $0.00[/B]
----------------------------------------
Método de Pago: EFECTIVO
----------------------------------------
[C][B]EL SABER QUE NOS UNE[/B][/C]
[C]¡Gracias por su preferencia![/C]
[C]========================================[/C]


[CUT]

