
--- 2026-03-31T18:56:14.203Z ---
[C][B]--- PEDIDO: COCINA ---[/B][/C]
[C][L]Mesa: 1[/L][/C]
-------------------------------
Hora: 14:47

[L]3 x Producto Demo[/L]
-------------------------------
[CUT]


--- 2026-03-31T18:56:18.210Z ---
[C][B]--- PEDIDO: COCINA ---[/B][/C]
[C][L]Mesa: 1[/L][/C]
-------------------------------
Hora: 14:47

[L]3 x Producto Demo[/L]
-------------------------------
[CUT]


--- 2026-03-31T18:56:23.217Z ---
[C][B]--- PEDIDO: COCINA ---[/B][/C]
[C][L]Mesa: 1[/L][/C]
-------------------------------
Hora: 14:47

[L]3 x Producto Demo[/L]
-------------------------------
[CUT]


--- 2026-03-31T18:56:30.225Z ---
[C][B]--- PEDIDO: COCINA ---[/B][/C]
[C][L]Mesa: 1[/L][/C]
-------------------------------
Hora: 14:47

[L]3 x Producto Demo[/L]
-------------------------------
[CUT]

